ENABLE_HTMLGEN|yes|Run template generator to generate web/other files from templates?|
ENABLE_ALARMS|no|Run Alarm daemon to provide alarm script/client support?|
ENABLE_CWOP|no|Run CWOP daemon to report station data to CWOP?|
ENABLE_HTTP|no|Run HTTP daemon to report station data to Weather Underground/Weather For You?|
ENABLE_FTP|no|Run FTP daemon to transfer web site/generated files to a remote server?|
ENABLE_SSH|no|Run SSH daemon to transfer web site/generated files to a remote server?|
ENABLE_PROCMON|yes|Run process monitor daemon to restart failed/hung daemons?|
STATION_TYPE|WXT510|Station type - one of Simulator, Virtual, VantagePro, WXT510, TWI, WS-2300, WMR918, WMRUSB, WH1080, TE923:|
STATION_INTERFACE|ethernet|Physical interface to the weather station - one of serial or ethernet (usb is considered serial):|
STATION_DEV|/dev/ttyUSB0|Weather station serial device (/dev/ttyS0, /dev/ttyUSB0, etc.):|
STATION_HOST|jak.sba.lat|Hostname or IP address (ethernet only):|
STATION_PORT|2323|Host TCP port to the weather station (ethernet only):|
STATION_WLIP|no|Enable WeatherlinkIP interface:|
STATION_RETRIEVE_ARCHIVE|yes|Retrieve archive records from console (if no, they will be autogenerated):|
STATION_DTR|yes|Toggle DTR line during serial initialization:|
STATION_RAIN_SEASON_START|1|Station rain season start month (1 - 12):|
STATION_RAIN_STORM_TRIGGER_START|0.05|Station rain storm start trigger (rainfall rate in inches/hour):|
STATION_RAIN_STORM_IDLE_STOP|12|Station rain storm stop time (hours without any rainfall which will end the storm):|
STATION_RAIN_YTD|0|Station rain Year-To-Date preset (to include rain not in archive records) (x.yy inches):|
STATION_ET_YTD|0|Station ET Year-To-Date preset (to include ET not in archive records) (x.yyy inches, 0 disables):|
STATION_RAIN_ET_YTD_YEAR|0|Station rain/ET preset year (rain season start year that presets should apply to) (2000-present year, 0 disables):|
STATION_ELEVATION|1312|Weather station elevation (feet above sea level):|
STATION_LATITUDE|45.75|Weather station latitude (decimal degrees, NORTH is positive - SOUTH is negative):|
STATION_LONGITUDE|9.82|Weather station longitude (decimal degrees, EAST is positive - WEST is negative):|
STATION_ARCHIVE_INTERVAL|5|Weather data archive interval (minutes, one of 5, 10, 15, 30):|
STATION_POLL_INTERVAL|30|Weather station sensor poll interval (seconds) - should be divisor of 60:|
STATION_PUSH_INTERVAL|15|Current conditions data push interval (seconds) - for wvalarmd and possibly others:|
STATION_VERBOSE_MSGS|01010011|Daemon Verbose Log Mask: 00000001 - wviewd,00000010 - htmlgend,00000100 - wvalarmd,00001000 - wviewftpd,00010000 - wviewsshd,00100000 - wvcwopd,01000000 - wvhttpd:|
STATION_DO_RCHECK|no|Generate RX check data (populate rxCheck.png chart, VP only)?|
STATION_OUTSIDE_CHANNEL|0|Use extra sensor for outside temperature (pool sensor is not supported) - 0,1,2,3 (Change sensor channel, WMR9XX only)?|0
STATION_SQLDB_HOST|localhost|Database server hostname or IP address:|ENABLE_SQL
STATION_SQLDB_USERNAME|wvuser|Database server username:|ENABLE_SQL
STATION_SQLDB_PASSWORD|wvpasswd|Database server password:|ENABLE_SQL
STATION_SQLDB_DB_NAME|wviewDB|Database name where export data are stored:|ENABLE_SQL
HTMLGEN_STATION_NAME|Fiobbio 2|Station Name:|ENABLE_HTMLGEN
HTMLGEN_STATION_CITY|Fiobbio 2|Station City:|ENABLE_HTMLGEN
HTMLGEN_STATION_STATE|Lombardia|Station State:|ENABLE_HTMLGEN
HTMLGEN_STATION_SHOW_IF|yes|Show interface details:|ENABLE_HTMLGEN
HTMLGEN_IMAGE_PATH|/var/lib/wview/img|Where to store generated html and graphics files:|ENABLE_HTMLGEN
HTMLGEN_HTML_PATH|/etc/wview/html|Where to find HTML template files:|ENABLE_HTMLGEN
HTMLGEN_START_OFFSET|0|Generation start offset (0-4) in minutes:|ENABLE_HTMLGEN
HTMLGEN_GENERATE_INTERVAL|1|How often to generate (refresh interval for your site data) in minutes:|ENABLE_HTMLGEN
HTMLGEN_METRIC_UNITS|yes|Enable metric conversion/units?|ENABLE_HTMLGEN
HTMLGEN_METRIC_USE_RAIN_MM|yes|If metric, use mm for rain instead of cm?|ENABLE_HTMLGEN
HTMLGEN_WIND_UNITS|km/h|Default Wind Units:|ENABLE_HTMLGEN
HTMLGEN_DUAL_UNITS|no|Display both metric and non-metric units on images?|ENABLE_HTMLGEN
HTMLGEN_EXTENDED_DATA|no|Store/process extended sensor values?|ENABLE_HTMLGEN
HTMLGEN_ARCHIVE_BROWSER_FILES_TO_KEEP|0|How many daily archive record browser files to keep (-1 disables archive files, 0 indicates keep all, otherwise days to keep):|ENABLE_HTMLGEN
HTMLGEN_MPHASE_INCREASE|Crescente|Moon 'increasing' text:|ENABLE_HTMLGEN
HTMLGEN_MPHASE_DECREASE|Decrescente|Moon 'decreasing' text:|ENABLE_HTMLGEN
HTMLGEN_MPHASE_FULL|Piena|Moon 'full' text:|ENABLE_HTMLGEN
HTMLGEN_LOCAL_RADAR_URL||Local Radar Image URL (no spaces):|ENABLE_HTMLGEN
HTMLGEN_LOCAL_FORECAST_URL|no|Local Forecast URL (no spaces):|ENABLE_HTMLGEN
HTMLGEN_DATE_FORMAT|%d/%m/%y|Date Format - see 'man strftime' for allowable formats; %D - US format mm/dd/yy, %d/%m/%Y  - dd/mm/yyyy, %x - locale's preferred date representation:|ENABLE_HTMLGEN
ALARMS_STATION_METRIC|no|Is station metric?|ENABLE_ALARMS
ALARMS_DO_TEST|no|Test an alarm by faking it when alarms are initialized?|ENABLE_ALARMS
ALARMS_DO_TEST_NUMBER|1|Which alarm (1 - 10) to test:|ENABLE_ALARMS
ALARMS_1_TYPE|0|(1 of 10) Alarm Type (see the User Manual file for valid types):|ENABLE_ALARMS
ALARMS_1_MAX|no|Is this an upper bound alarm?|ENABLE_ALARMS
ALARMS_1_THRESHOLD|0|Upper/lower bound value (threshold) (float or integer):|ENABLE_ALARMS
ALARMS_1_ABATEMENT|600|Number of seconds to suppress alarms after an alarm triggers:|ENABLE_ALARMS
ALARMS_1_EXECUTE|/etc/wview/alarms/your-alarm.sh|Full path to the shell script or binary to execute when the alarm triggers:|ENABLE_ALARMS
ALARMS_2_TYPE|0|(2 of 10) Alarm Type (see the User Manual file for valid types):|ENABLE_ALARMS
ALARMS_2_MAX|no|Is this an upper bound alarm?|ENABLE_ALARMS
ALARMS_2_THRESHOLD|0|Upper/lower bound value (threshold) (float or integer):|ENABLE_ALARMS
ALARMS_2_ABATEMENT|600|Number of seconds to suppress alarms after an alarm triggers:|ENABLE_ALARMS
ALARMS_2_EXECUTE|<path>|Full path to the shell script or binary to execute when the alarm triggers:|ENABLE_ALARMS
ALARMS_3_TYPE|0|(3 of 10) Alarm Type (see the User Manual file for valid types):|ENABLE_ALARMS
ALARMS_3_MAX|no|Is this an upper bound alarm?|ENABLE_ALARMS
ALARMS_3_THRESHOLD|0|Upper/lower bound value (threshold) (float or integer):|ENABLE_ALARMS
ALARMS_3_ABATEMENT|600|Number of seconds to suppress alarms after an alarm triggers:|ENABLE_ALARMS
ALARMS_3_EXECUTE|<path>|Full path to the shell script or binary to execute when the alarm triggers:|ENABLE_ALARMS
ALARMS_4_TYPE|0|(4 of 10) Alarm Type (see the User Manual file for valid types):|ENABLE_ALARMS
ALARMS_4_MAX|no|Is this an upper bound alarm?|ENABLE_ALARMS
ALARMS_4_THRESHOLD|0|Upper/lower bound value (threshold) (float or integer):|ENABLE_ALARMS
ALARMS_4_ABATEMENT|600|Number of seconds to suppress alarms after an alarm triggers:|ENABLE_ALARMS
ALARMS_4_EXECUTE|<path>|Full path to the shell script or binary to execute when the alarm triggers:|ENABLE_ALARMS
ALARMS_5_TYPE|0|(5 of 10) Alarm Type (see the User Manual file for valid types):|ENABLE_ALARMS
ALARMS_5_MAX|no|Is this an upper bound alarm?|ENABLE_ALARMS
ALARMS_5_THRESHOLD|0|Upper/lower bound value (threshold) (float or integer):|ENABLE_ALARMS
ALARMS_5_ABATEMENT|600|Number of seconds to suppress alarms after an alarm triggers:|ENABLE_ALARMS
ALARMS_5_EXECUTE|<path>|Full path to the shell script or binary to execute when the alarm triggers:|ENABLE_ALARMS
ALARMS_6_TYPE|0|(6 of 10) Alarm Type (see the User Manual file for valid types):|ENABLE_ALARMS
ALARMS_6_MAX|no|Is this an upper bound alarm?|ENABLE_ALARMS
ALARMS_6_THRESHOLD|0|Upper/lower bound value (threshold) (float or integer):|ENABLE_ALARMS
ALARMS_6_ABATEMENT|600|Number of seconds to suppress alarms after an alarm triggers:|ENABLE_ALARMS
ALARMS_6_EXECUTE|<path>|Full path to the shell script or binary to execute when the alarm triggers:|ENABLE_ALARMS
ALARMS_7_TYPE|0|(7 of 10) Alarm Type (see the User Manual file for valid types):|ENABLE_ALARMS
ALARMS_7_MAX|no|Is this an upper bound alarm?|ENABLE_ALARMS
ALARMS_7_THRESHOLD|0|Upper/lower bound value (threshold) (float or integer):|ENABLE_ALARMS
ALARMS_7_ABATEMENT|600|Number of seconds to suppress alarms after an alarm triggers:|ENABLE_ALARMS
ALARMS_7_EXECUTE|<path>|Full path to the shell script or binary to execute when the alarm triggers:|ENABLE_ALARMS
ALARMS_8_TYPE|0|(8 of 10) Alarm Type (see the User Manual file for valid types):|ENABLE_ALARMS
ALARMS_8_MAX|no|Is this an upper bound alarm?|ENABLE_ALARMS
ALARMS_8_THRESHOLD|0|Upper/lower bound value (threshold) (float or integer):|ENABLE_ALARMS
ALARMS_8_ABATEMENT|600|Number of seconds to suppress alarms after an alarm triggers:|ENABLE_ALARMS
ALARMS_8_EXECUTE|<path>|Full path to the shell script or binary to execute when the alarm triggers:|ENABLE_ALARMS
ALARMS_9_TYPE|0|(9 of 10) Alarm Type (see the User Manual file for valid types):|ENABLE_ALARMS
ALARMS_9_MAX|no|Is this an upper bound alarm?|ENABLE_ALARMS
ALARMS_9_THRESHOLD|0|Upper/lower bound value (threshold) (float or integer):|ENABLE_ALARMS
ALARMS_9_ABATEMENT|600|Number of seconds to suppress alarms after an alarm triggers:|ENABLE_ALARMS
ALARMS_9_EXECUTE|<path>|Full path to the shell script or binary to execute when the alarm triggers:|ENABLE_ALARMS
ALARMS_10_TYPE|0|(10 of 10) Alarm Type (see the User Manual file for valid types):|ENABLE_ALARMS
ALARMS_10_MAX|no|Is this an upper bound alarm?|ENABLE_ALARMS
ALARMS_10_THRESHOLD|0|Upper/lower bound value (threshold) (float or integer):|ENABLE_ALARMS
ALARMS_10_ABATEMENT|600|Number of seconds to suppress alarms after an alarm triggers:|ENABLE_ALARMS
ALARMS_10_EXECUTE|<path>|Full path to the shell script or binary to execute when the alarm triggers:|ENABLE_ALARMS
FTP_HOST|ftp.yourhost.net|Remote hostname:|ENABLE_FTP
FTP_USERNAME|yourusername|Remote username:|ENABLE_FTP
FTP_PASSWD|yourpassword|Remote password:|ENABLE_FTP
FTP_REMOTE_DIRECTORY||Optional Remote Transfer Directory (relative to the ftp login directory, no leading '/'):|ENABLE_FTP
FTP_USE_PASSIVE|yes|Use EPSV FTP transfer mode (if supported):|ENABLE_FTP
FTP_INTERVAL|5|Global transmit interval (mins):|ENABLE_FTP
FTP_RULE_1_SOURCE|*.*|(1 of 10) Source file (relative to $prefix/var/wview/img):|ENABLE_FTP
FTP_RULE_2_SOURCE|Archive/*.txt|(2 of 10) Source file (relative to $prefix/var/wview/img):|ENABLE_FTP
FTP_RULE_3_SOURCE|NOAA/*.txt|(3 of 10) Source file (relative to $prefix/var/wview/img):|ENABLE_FTP
FTP_RULE_4_SOURCE||(4 of 10) Source file (relative to $prefix/var/wview/img):|ENABLE_FTP
FTP_RULE_5_SOURCE||(5 of 10) Source file (relative to $prefix/var/wview/img):|ENABLE_FTP
FTP_RULE_6_SOURCE||(6 of 10) Source file (relative to $prefix/var/wview/img):|ENABLE_FTP
FTP_RULE_7_SOURCE||(7 of 10) Source file (relative to $prefix/var/wview/img):|ENABLE_FTP
FTP_RULE_8_SOURCE||(8 of 10) Source file (relative to $prefix/var/wview/img):|ENABLE_FTP
FTP_RULE_9_SOURCE||(9 of 10) Source file (relative to $prefix/var/wview/img):|ENABLE_FTP
FTP_RULE_10_SOURCE||(10 of 10) Source file (relative to $prefix/var/wview/img):|ENABLE_FTP
SSH_1_SOURCE||(1 of 5) Local Source directory (normally $prefix/var/wview/img):|ENABLE_SSH
SSH_1_INTERVAL|1|How often to synchronize the remote server (minutes):|ENABLE_SSH
SSH_1_HOST|remotehost.net|Remote Host (hostname or IP address):|ENABLE_SSH
SSH_1_PORT|22|SSH Port Number:|ENABLE_SSH
SSH_1_USERNAME||Remote SSH username:|ENABLE_SSH
SSH_1_DESTINATION|http/wview|Remote destination path, relative to the root ssh login directory (no leading '/'):|ENABLE_SSH
SSH_2_SOURCE||(2 of 5) Local Source directory (normally $prefix/var/wview/img):|ENABLE_SSH
SSH_2_INTERVAL|0|How often to synchronize the remote server (minutes):|ENABLE_SSH
SSH_2_HOST||Remote Host (hostname or IP address):|ENABLE_SSH
SSH_2_PORT|22|SSH Port Number:|ENABLE_SSH
SSH_2_USERNAME||Remote SSH username:|ENABLE_SSH
SSH_2_DESTINATION||Remote destination path, relative to the root ssh login directory (no leading '/'):|ENABLE_SSH
SSH_3_SOURCE||(3 of 5) Local Source directory (normally $prefix/var/wview/img):|ENABLE_SSH
SSH_3_INTERVAL|0|How often to synchronize the remote server (minutes):|ENABLE_SSH
SSH_3_HOST||Remote Host (hostname or IP address):|ENABLE_SSH
SSH_3_PORT|22|SSH Port Number:|ENABLE_SSH
SSH_3_USERNAME||Remote SSH username:|ENABLE_SSH
SSH_3_DESTINATION||Remote destination path, relative to the root ssh login directory (no leading '/'):|ENABLE_SSH
SSH_4_SOURCE||(4 of 5) Local Source directory (normally $prefix/var/wview/img):|ENABLE_SSH
SSH_4_INTERVAL|0|How often to synchronize the remote server (minutes):|ENABLE_SSH
SSH_4_HOST||Remote Host (hostname or IP address):|ENABLE_SSH
SSH_4_PORT|22|SSH Port Number:|ENABLE_SSH
SSH_4_USERNAME||Remote SSH username:|ENABLE_SSH
SSH_4_DESTINATION||Remote destination path, relative to the root ssh login directory (no leading '/'):|ENABLE_SSH
SSH_5_SOURCE||(5 of 5) Local Source directory (normally $prefix/var/wview/img):|ENABLE_SSH
SSH_5_INTERVAL|0|How often to synchronize the remote server (minutes):|ENABLE_SSH
SSH_5_HOST||Remote Host (hostname or IP address):|ENABLE_SSH
SSH_5_PORT|22|SSH Port Number:|ENABLE_SSH
SSH_5_USERNAME||Remote SSH username:|ENABLE_SSH
SSH_5_DESTINATION||Remote destination path, relative to the root ssh login directory (no leading '/'):|ENABLE_SSH
CWOP_APRS_CALL_SIGN|CWXXXX|CWOP call sign (CWXXXX/DWXXXX):|ENABLE_CWOP
CWOP_APRS_SERVER1|cwop.aprs.net|CWOP Server name:|ENABLE_CWOP
CWOP_APRS_PORTNO1|23|CWOP port number:|ENABLE_CWOP
CWOP_APRS_SERVER2|cwop.aprs.net|CWOP Server name:|ENABLE_CWOP
CWOP_APRS_PORTNO2|23|CWOP port number:|ENABLE_CWOP
CWOP_APRS_SERVER3|cwop.aprs.net|CWOP Server name:|ENABLE_CWOP
CWOP_APRS_PORTNO3|23|CWOP port number:|ENABLE_CWOP
CWOP_LATITUDE|3333.70N|LATITUDE - MUST be of the form DDMM.hhd (LORAN format): DD - degrees (always positive), MM - minutes (0 - 59), hh - hundredths of minutes, d - hemisphere indicator (N or S):|ENABLE_CWOP
CWOP_LONGITUDE|09654.13W|LONGITUDE - MUST be of the form DDDMM.hhd: DDD - degrees (always positive and always 3 digits - use leading zero if necessary), MM - minutes (0 - 59), hh - hundredths of minutes, d - hemisphere indicator (E or W):|ENABLE_CWOP
CWOP_LOG_WX_PACKET|no|Log the WX packet when sending (0 or 1)?|ENABLE_CWOP
HTTP_WUSTATIONID|IBERGAMO14|WUNDERGROUND station ID:|ENABLE_HTTP
HTTP_WUPASSWD|surf1982|WUNDERGROUND password:|ENABLE_HTTP
HTTP_YOUSTATIONID||WEATHERFORYOU station ID:|ENABLE_HTTP
HTTP_YOUPASSWD||WEATHERFORYOU password:|ENABLE_HTTP
CAL_MULT_BAROMETER|1.0|Barometer calibration multiplier:|
CAL_CONST_BAROMETER|0.0|Barometer calibration constant:|
CAL_MULT_PRESSURE|1.0|Station Pressure calibration multiplier:|
CAL_CONST_PRESSURE|0.0|Station Pressure calibration constant:|
CAL_MULT_ALTIMETER|1.0|Altimeter calibration multiplier:|
CAL_CONST_ALTIMETER|0.0|Altimeter calibration constant:|
CAL_MULT_INTEMP|1.0|Inside Temp calibration multiplier:|
CAL_CONST_INTEMP|0.0|Inside Temp calibration constant:|
CAL_MULT_OUTTEMP|1.0|Outside Temp calibration multiplier:|
CAL_CONST_OUTTEMP|0.0|Outside Temp calibration constant:|
CAL_MULT_INHUMIDITY|1.0|Inside Humidity calibration multiplier:|
CAL_CONST_INHUMIDITY|0.0|Inside Humidity calibration constant:|
CAL_MULT_OUTHUMIDITY|1.0|Outside Humidity calibration multiplier:|
CAL_CONST_OUTHUMIDITY|0.0|Outside Humidity calibration constant:|
CAL_MULT_WINDSPEED|1.0|Wind Speed calibration multiplier:|
CAL_CONST_WINDSPEED|0.0|Wind Speed calibration constant:|
CAL_MULT_WINDDIR|1.0|Wind Direction calibration multiplier:|
CAL_CONST_WINDDIR|0.0|Wind Direction calibration constant:|
CAL_MULT_RAIN|1.0|Rain calibration multiplier:|
CAL_CONST_RAIN|0.0|Rain calibration constant:|
CAL_MULT_RAINRATE|1.0|Rain Rate calibration multiplier:|
CAL_CONST_RAINRATE|0.0|Rain Rate calibration constant:|
PROCMON_wviewd|0|Seconds to wait before restarting a non-responsive process (0 disables):|ENABLE_PROCMON
PROCMON_htmlgend|0|Seconds to wait before restarting a non-responsive process (0 disables):|ENABLE_PROCMON
PROCMON_wvalarmd|120|Seconds to wait before restarting a non-responsive process (0 disables):|ENABLE_PROCMON
PROCMON_wvcwopd|120|Seconds to wait before restarting a non-responsive process (0 disables):|ENABLE_PROCMON
PROCMON_wvhttpd|120|Seconds to wait before restarting a non-responsive process (0 disables):|ENABLE_PROCMON
EMAIL_ADDRESS|address@server.com|Destination address for email alerts:|
FROM_EMAIL_ADDRESS|from_address@other_server.com|From address for email alerts:|
ENABLE_EMAIL_ALERTS|no|Send system alert emails?|
SEND_TEST_EMAIL|no|Send a test email?|
ADMIN_PASSWORD|9798e81db4d6cc93577169c395b90f66|Admin Password (md5):|
SSH_1_TIMEOUT|120|SSH session timeout (secs):|ENABLE_SSH
SSH_2_TIMEOUT|120|SSH session timeout (secs):|ENABLE_SSH
SSH_3_TIMEOUT|120|SSH session timeout (secs):|ENABLE_SSH
SSH_4_TIMEOUT|120|SSH session timeout (secs):|ENABLE_SSH
SSH_5_TIMEOUT|120|SSH session timeout (secs):|ENABLE_SSH
